#
# There is insufficient memory for the Java Runtime Environment to continue.
# Native memory allocation (malloc) failed to allocate 1188176 bytes for Chunk::new
# Possible reasons:
#   The system is out of physical RAM or swap space
#   In 32 bit mode, the process size limit was hit
# Possible solutions:
#   Reduce memory load on the system
#   Increase physical memory or swap space
#   Check if swap backing store is full
#   Use 64 bit Java on a 64 bit OS
#   Decrease Java heap size (-Xmx/-Xms)
#   Decrease number of Java threads
#   Decrease Java thread stack sizes (-Xss)
#   Set larger code cache with -XX:ReservedCodeCacheSize=
# This output file may be truncated or incomplete.
#
#  Out of Memory Error (allocation.cpp:390), pid=23140, tid=0x000000000000543c
#
# JRE version: Java(TM) SE Runtime Environment (8.0_101-b13) (build 1.8.0_101-b13)
# Java VM: Java HotSpot(TM) 64-Bit Server VM (25.101-b13 mixed mode windows-amd64 compressed oops)
# Failed to write core dump. Minidumps are not enabled by default on client versions of Windows
#

---------------  T H R E A D  ---------------

Current thread (0x000000001ed9a800):  JavaThread "C2 CompilerThread1" daemon [_thread_in_native, id=21564, stack(0x000000001f130000,0x000000001f230000)]

Stack: [0x000000001f130000,0x000000001f230000]
[error occurred during error reporting (printing stack bounds), id 0xc0000005]

Native frames: (J=compiled Java code, j=interpreted, Vv=VM code, C=native code)


Current CompileTask:
C2:  11191 4534       4       java.lang.Class::privateGetMethodRecursive (130 bytes)


---------------  P R O C E S S  ---------------

Java Threads: ( => current thread )
  0x0000000023710000 JavaThread "elasticsearch[_client_][generic][T#3]" daemon [_thread_blocked, id=192, stack(0x000000002b810000,0x000000002b910000)]
  0x0000000023717000 JavaThread "elasticsearch[_client_][generic][T#2]" daemon [_thread_blocked, id=20108, stack(0x000000002a700000,0x000000002a800000)]
  0x0000000023713000 JavaThread "elasticsearch[_client_][transport_client_boss][T#14]" daemon [_thread_in_native, id=7000, stack(0x00000000295f0000,0x00000000296f0000)]
  0x0000000023714800 JavaThread "elasticsearch[_client_][transport_client_boss][T#13]" daemon [_thread_in_native, id=17944, stack(0x00000000294f0000,0x00000000295f0000)]
  0x0000000023712800 JavaThread "elasticsearch[_client_][transport_client_boss][T#12]" daemon [_thread_in_native, id=21436, stack(0x00000000293f0000,0x00000000294f0000)]
  0x0000000023715800 JavaThread "elasticsearch[_client_][transport_client_boss][T#11]" daemon [_thread_in_native, id=20740, stack(0x00000000292f0000,0x00000000293f0000)]
  0x0000000023716000 JavaThread "elasticsearch[_client_][transport_client_boss][T#10]" daemon [_thread_in_native, id=10496, stack(0x00000000291f0000,0x00000000292f0000)]
  0x0000000023714000 JavaThread "elasticsearch[_client_][transport_client_boss][T#9]" daemon [_thread_in_native, id=8700, stack(0x00000000290f0000,0x00000000291f0000)]
  0x0000000023711800 JavaThread "elasticsearch[_client_][transport_client_boss][T#8]" daemon [_thread_in_native, id=8360, stack(0x0000000028ff0000,0x00000000290f0000)]
  0x0000000023711000 JavaThread "elasticsearch[_client_][transport_client_boss][T#7]" daemon [_thread_in_native, id=13520, stack(0x0000000028ef0000,0x0000000028ff0000)]
  0x0000000020148000 JavaThread "elasticsearch[_client_][transport_client_boss][T#6]" daemon [_thread_in_native, id=1912, stack(0x0000000028df0000,0x0000000028ef0000)]
  0x0000000022c05000 JavaThread "elasticsearch[_client_][transport_client_boss][T#5]" daemon [_thread_in_native, id=21816, stack(0x0000000028cf0000,0x0000000028df0000)]
  0x0000000025ffe800 JavaThread "elasticsearch[_client_][transport_client_boss][T#4]" daemon [_thread_in_native, id=16164, stack(0x0000000028bf0000,0x0000000028cf0000)]
  0x00000000244bf800 JavaThread "elasticsearch[_client_][transport_client_boss][T#3]" daemon [_thread_in_native, id=22216, stack(0x0000000028af0000,0x0000000028bf0000)]
  0x000000001f727000 JavaThread "elasticsearch[_client_][transport_client_boss][T#2]" daemon [_thread_in_native, id=14772, stack(0x00000000289f0000,0x0000000028af0000)]
  0x000000002520e800 JavaThread "elasticsearch[_client_][generic][T#1]" daemon [_thread_blocked, id=19180, stack(0x00000000288f0000,0x00000000289f0000)]
  0x000000002438e800 JavaThread "elasticsearch[_client_][transport_client_boss][T#1]" daemon [_thread_in_native, id=18420, stack(0x00000000274e0000,0x00000000275e0000)]
  0x0000000020b5a800 JavaThread "elasticsearch[_client_][scheduler][T#1]" daemon [_thread_blocked, id=1828, stack(0x0000000026bb0000,0x0000000026cb0000)]
  0x00000000213b5800 JavaThread "elasticsearch[_client_][[timer]]" daemon [_thread_blocked, id=17752, stack(0x0000000023f50000,0x0000000024050000)]
  0x000000001ed9f000 JavaThread "Service Thread" daemon [_thread_blocked, id=20316, stack(0x000000001f430000,0x000000001f530000)]
  0x000000001ed9e000 JavaThread "C1 CompilerThread3" daemon [_thread_in_vm, id=17356, stack(0x000000001f330000,0x000000001f430000)]
  0x000000001ed9b800 JavaThread "C2 CompilerThread2" daemon [_thread_in_native, id=23044, stack(0x000000001f230000,0x000000001f330000)]
=>0x000000001ed9a800 JavaThread "C2 CompilerThread1" daemon [_thread_in_native, id=21564, stack(0x000000001f130000,0x000000001f230000)]
  0x000000001ed9a000 JavaThread "C2 CompilerThread0" daemon [_thread_in_native, id=7836, stack(0x000000001f030000,0x000000001f130000)]
  0x000000001de87800 JavaThread "JDWP Command Reader" daemon [_thread_in_native, id=16964, stack(0x000000001e730000,0x000000001e830000)]
  0x000000001de84000 JavaThread "JDWP Event Helper Thread" daemon [_thread_blocked, id=14372, stack(0x000000001e630000,0x000000001e730000)]
  0x000000001de78000 JavaThread "JDWP Transport Listener: dt_socket" daemon [_thread_blocked, id=18844, stack(0x000000001e530000,0x000000001e630000)]
  0x000000001de6a800 JavaThread "Attach Listener" daemon [_thread_blocked, id=2668, stack(0x000000001e430000,0x000000001e530000)]
  0x000000001de15000 JavaThread "Signal Dispatcher" daemon [_thread_blocked, id=9440, stack(0x000000001e330000,0x000000001e430000)]
  0x000000001bef7800 JavaThread "Finalizer" daemon [_thread_blocked, id=14564, stack(0x000000001e1d0000,0x000000001e2d0000)]
  0x000000001bef0000 JavaThread "Reference Handler" daemon [_thread_blocked, id=17972, stack(0x000000001dcd0000,0x000000001ddd0000)]
  0x0000000002b68800 JavaThread "main" [_thread_in_Java, id=5980, stack(0x00000000029a0000,0x0000000002aa0000)]

Other Threads:
  0x000000001bee7800 VMThread [stack: 0x000000001dbd0000,0x000000001dcd0000] [id=22284]
  0x000000001ef09800 WatcherThread [stack: 0x000000001f530000,0x000000001f630000] [id=19940]

VM state:not at safepoint (normal execution)

VM Mutex/Monitor currently owned by a thread: None

Heap:
 PSYoungGen      total 220672K, used 65689K [0x0000000770500000, 0x0000000783300000, 0x00000007c0000000)
  eden space 208896K, 25% used [0x0000000770500000,0x00000007739a94e8,0x000000077d100000)
  from space 11776K, 99% used [0x000000077d100000,0x000000077dc7d040,0x000000077dc80000)
  to   space 23040K, 0% used [0x0000000781c80000,0x0000000781c80000,0x0000000783300000)
 ParOldGen       total 130560K, used 39337K [0x00000006d0e00000, 0x00000006d8d80000, 0x0000000770500000)
  object space 130560K, 30% used [0x00000006d0e00000,0x00000006d346a590,0x00000006d8d80000)
 Metaspace       used 55321K, capacity 57986K, committed 58240K, reserved 1099776K
  class space    used 7302K, capacity 7943K, committed 8064K, reserved 1048576K

Card table byte_map: [0x0000000012120000,0x00000000128a0000] byte_map_base: 0x000000000ea99000

Marking Bits: (ParMarkBitMap*) 0x000000006a74a6d0
 Begin Bits: [0x00000000135a0000, 0x0000000017168000)
 End Bits:   [0x0000000017168000, 0x000000001ad30000)

Polling page: 0x0000000000d50000

CodeCache: size=245760Kb used=15319Kb max_used=15842Kb free=230440Kb
 bounds [0x0000000002d60000, 0x0000000003cf0000, 0x0000000011d60000]
 total_blobs=4523 nmethods=3968 adapters=475
 compilation: enabled

Compilation events (10 events):
Event: 11.127 Thread 0x000000001ed9e000 4558       3       sun.reflect.generics.visitor.Reifier::visitFormalTypeParameter (22 bytes)
Event: 11.128 Thread 0x000000001ed9e000 nmethod 4558 0x00000000031a11d0 code [0x00000000031a1340, 0x00000000031a1628]
Event: 11.128 Thread 0x000000001ed9e000 4559       3       sun.reflect.generics.factory.CoreReflectionFactory::makeTypeVariable (11 bytes)
Event: 11.128 Thread 0x000000001ed9e000 nmethod 4559 0x0000000003360610 code [0x0000000003360780, 0x0000000003360948]
Event: 11.134 Thread 0x000000001ed9e000 4561   !   3       org.springframework.util.ConcurrentReferenceHashMap$Segment::restructureIfNecessary (354 bytes)
Event: 11.136 Thread 0x000000001ed9e000 nmethod 4561 0x0000000003869650 code [0x0000000003869a20, 0x000000000386c8a8]
Event: 11.152 Thread 0x000000001ed9e000 4563   !   3       java.beans.PropertyDescriptor::<init> (347 bytes)
Event: 11.155 Thread 0x000000001ed9e000 nmethod 4563 0x00000000038b89d0 code [0x00000000038b8f60, 0x00000000038bced8]
Event: 11.182 Thread 0x000000001ed9e000 4564       3       java.util.stream.AbstractPipeline::sourceSpliterator (265 bytes)
Event: 11.183 Thread 0x000000001ed9e000 nmethod 4564 0x00000000038b72d0 code [0x00000000038b7500, 0x00000000038b83c8]

GC Heap History (10 events):
Event: 7.177 GC heap before
{Heap before GC invocations=9 (full 1):
 PSYoungGen      total 105984K, used 105959K [0x0000000770500000, 0x000000077af00000, 0x00000007c0000000)
  eden space 96256K, 100% used [0x0000000770500000,0x0000000776300000,0x0000000776300000)
  from space 9728K, 99% used [0x0000000776300000,0x0000000776c79f48,0x0000000776c80000)
  to   space 11264K, 0% used [0x000000077a400000,0x000000077a400000,0x000000077af00000)
 ParOldGen       total 88064K, used 6307K [0x00000006d0e00000, 0x00000006d6400000, 0x0000000770500000)
  object space 88064K, 7% used [0x00000006d0e00000,0x00000006d1428d38,0x00000006d6400000)
 Metaspace       used 33225K, capacity 34466K, committed 34816K, reserved 1079296K
  class space    used 4253K, capacity 4495K, committed 4608K, reserved 1048576K
Event: 7.186 GC heap after
Heap after GC invocations=9 (full 1):
 PSYoungGen      total 161792K, used 9873K [0x0000000770500000, 0x000000077b180000, 0x00000007c0000000)
  eden space 150528K, 0% used [0x0000000770500000,0x0000000770500000,0x0000000779800000)
  from space 11264K, 87% used [0x000000077a400000,0x000000077ada4578,0x000000077af00000)
  to   space 12288K, 0% used [0x0000000779800000,0x0000000779800000,0x000000077a400000)
 ParOldGen       total 88064K, used 6315K [0x00000006d0e00000, 0x00000006d6400000, 0x0000000770500000)
  object space 88064K, 7% used [0x00000006d0e00000,0x00000006d142ad38,0x00000006d6400000)
 Metaspace       used 33225K, capacity 34466K, committed 34816K, reserved 1079296K
  class space    used 4253K, capacity 4495K, committed 4608K, reserved 1048576K
}
Event: 7.418 GC heap before
{Heap before GC invocations=10 (full 1):
 PSYoungGen      total 161792K, used 44684K [0x0000000770500000, 0x000000077b180000, 0x00000007c0000000)
  eden space 150528K, 23% used [0x0000000770500000,0x00000007726fec48,0x0000000779800000)
  from space 11264K, 87% used [0x000000077a400000,0x000000077ada4578,0x000000077af00000)
  to   space 12288K, 0% used [0x0000000779800000,0x0000000779800000,0x000000077a400000)
 ParOldGen       total 88064K, used 6315K [0x00000006d0e00000, 0x00000006d6400000, 0x0000000770500000)
  object space 88064K, 7% used [0x00000006d0e00000,0x00000006d142ad38,0x00000006d6400000)
 Metaspace       used 34026K, capacity 35312K, committed 35416K, reserved 1081344K
  class space    used 4323K, capacity 4572K, committed 4608K, reserved 1048576K
Event: 7.427 GC heap after
Heap after GC invocations=10 (full 1):
 PSYoungGen      total 162816K, used 5236K [0x0000000770500000, 0x000000077eb80000, 0x00000007c0000000)
  eden space 150528K, 0% used [0x0000000770500000,0x0000000770500000,0x0000000779800000)
  from space 12288K, 42% used [0x0000000779800000,0x0000000779d1d220,0x000000077a400000)
  to   space 11776K, 0% used [0x000000077e000000,0x000000077e000000,0x000000077eb80000)
 ParOldGen       total 88064K, used 9508K [0x00000006d0e00000, 0x00000006d6400000, 0x0000000770500000)
  object space 88064K, 10% used [0x00000006d0e00000,0x00000006d1749100,0x00000006d6400000)
 Metaspace       used 34026K, capacity 35312K, committed 35416K, reserved 1081344K
  class space    used 4323K, capacity 4572K, committed 4608K, reserved 1048576K
}
Event: 7.427 GC heap before
{Heap before GC invocations=11 (full 2):
 PSYoungGen      total 162816K, used 5236K [0x0000000770500000, 0x000000077eb80000, 0x00000007c0000000)
  eden space 150528K, 0% used [0x0000000770500000,0x0000000770500000,0x0000000779800000)
  from space 12288K, 42% used [0x0000000779800000,0x0000000779d1d220,0x000000077a400000)
  to   space 11776K, 0% used [0x000000077e000000,0x000000077e000000,0x000000077eb80000)
 ParOldGen       total 88064K, used 9508K [0x00000006d0e00000, 0x00000006d6400000, 0x0000000770500000)
  object space 88064K, 10% used [0x00000006d0e00000,0x00000006d1749100,0x00000006d6400000)
 Metaspace       used 34026K, capacity 35312K, committed 35416K, reserved 1081344K
  class space    used 4323K, capacity 4572K, committed 4608K, reserved 1048576K
Event: 7.504 GC heap after
Heap after GC invocations=11 (full 2):
 PSYoungGen      total 162816K, used 0K [0x0000000770500000, 0x000000077eb80000, 0x00000007c0000000)
  eden space 150528K, 0% used [0x0000000770500000,0x0000000770500000,0x0000000779800000)
  from space 12288K, 0% used [0x0000000779800000,0x0000000779800000,0x000000077a400000)
  to   space 11776K, 0% used [0x000000077e000000,0x000000077e000000,0x000000077eb80000)
 ParOldGen       total 130560K, used 12665K [0x00000006d0e00000, 0x00000006d8d80000, 0x0000000770500000)
  object space 130560K, 9% used [0x00000006d0e00000,0x00000006d1a5e550,0x00000006d8d80000)
 Metaspace       used 34026K, capacity 35312K, committed 35416K, reserved 1081344K
  class space    used 4323K, capacity 4572K, committed 4608K, reserved 1048576K
}
Event: 8.696 GC heap before
{Heap before GC invocations=12 (full 2):
 PSYoungGen      total 162816K, used 150528K [0x0000000770500000, 0x000000077eb80000, 0x00000007c0000000)
  eden space 150528K, 100% used [0x0000000770500000,0x0000000779800000,0x0000000779800000)
  from space 12288K, 0% used [0x0000000779800000,0x0000000779800000,0x000000077a400000)
  to   space 11776K, 0% used [0x000000077e000000,0x000000077e000000,0x000000077eb80000)
 ParOldGen       total 130560K, used 12665K [0x00000006d0e00000, 0x00000006d8d80000, 0x0000000770500000)
  object space 130560K, 9% used [0x00000006d0e00000,0x00000006d1a5e550,0x00000006d8d80000)
 Metaspace       used 38854K, capacity 40686K, committed 40960K, reserved 1085440K
  class space    used 4993K, capacity 5367K, committed 5376K, reserved 1048576K
Event: 8.703 GC heap after
Heap after GC invocations=12 (full 2):
 PSYoungGen      total 207872K, used 7711K [0x0000000770500000, 0x000000077e800000, 0x00000007c0000000)
  eden space 199680K, 0% used [0x0000000770500000,0x0000000770500000,0x000000077c800000)
  from space 8192K, 94% used [0x000000077e000000,0x000000077e787e80,0x000000077e800000)
  to   space 11776K, 0% used [0x000000077d100000,0x000000077d100000,0x000000077dc80000)
 ParOldGen       total 130560K, used 12673K [0x00000006d0e00000, 0x00000006d8d80000, 0x0000000770500000)
  object space 130560K, 9% used [0x00000006d0e00000,0x00000006d1a60550,0x00000006d8d80000)
 Metaspace       used 38854K, capacity 40686K, committed 40960K, reserved 1085440K
  class space    used 4993K, capacity 5367K, committed 5376K, reserved 1048576K
}
Event: 10.984 GC heap before
{Heap before GC invocations=13 (full 2):
 PSYoungGen      total 207872K, used 207391K [0x0000000770500000, 0x000000077e800000, 0x00000007c0000000)
  eden space 199680K, 100% used [0x0000000770500000,0x000000077c800000,0x000000077c800000)
  from space 8192K, 94% used [0x000000077e000000,0x000000077e787e80,0x000000077e800000)
  to   space 11776K, 0% used [0x000000077d100000,0x000000077d100000,0x000000077dc80000)
 ParOldGen       total 130560K, used 12673K [0x00000006d0e00000, 0x00000006d8d80000, 0x0000000770500000)
  object space 130560K, 9% used [0x00000006d0e00000,0x00000006d1a60550,0x00000006d8d80000)
 Metaspace       used 54719K, capacity 57262K, committed 57600K, reserved 1099776K
  class space    used 7203K, capacity 7819K, committed 7936K, reserved 1048576K
Event: 11.010 GC heap after
Heap after GC invocations=13 (full 2):
 PSYoungGen      total 220672K, used 11764K [0x0000000770500000, 0x0000000783300000, 0x00000007c0000000)
  eden space 208896K, 0% used [0x0000000770500000,0x0000000770500000,0x000000077d100000)
  from space 11776K, 99% used [0x000000077d100000,0x000000077dc7d040,0x000000077dc80000)
  to   space 23040K, 0% used [0x0000000781c80000,0x0000000781c80000,0x0000000783300000)
 ParOldGen       total 130560K, used 39337K [0x00000006d0e00000, 0x00000006d8d80000, 0x0000000770500000)
  object space 130560K, 30% used [0x00000006d0e00000,0x00000006d346a590,0x00000006d8d80000)
 Metaspace       used 54719K, capacity 57262K, committed 57600K, reserved 1099776K
  class space    used 7203K, capacity 7819K, committed 7936K, reserved 1048576K
}

Deoptimization events (10 events):
Event: 9.939 Thread 0x0000000002b68800 Uncommon trap: reason=class_check action=maybe_recompile pc=0x00000000034307ec method=java.util.AbstractList$Itr.hasNext()Z @ 8
Event: 9.939 Thread 0x0000000002b68800 Uncommon trap: reason=class_check action=maybe_recompile pc=0x000000000343af78 method=java.util.AbstractList$Itr.next()Ljava/lang/Object; @ 14
Event: 10.351 Thread 0x0000000002b68800 Uncommon trap: reason=class_check action=maybe_recompile pc=0x00000000034307ec method=java.util.AbstractList$Itr.hasNext()Z @ 8
Event: 10.351 Thread 0x0000000002b68800 Uncommon trap: reason=class_check action=maybe_recompile pc=0x000000000343af78 method=java.util.AbstractList$Itr.next()Ljava/lang/Object; @ 14
Event: 10.568 Thread 0x0000000002b68800 Uncommon trap: reason=unstable_if action=reinterpret pc=0x0000000003424ac0 method=java.io.WinNTFileSystem.isLetter(C)Z @ 3
Event: 11.011 Thread 0x0000000023716000 Uncommon trap: reason=bimorphic action=maybe_recompile pc=0x000000000308b068 method=java.util.WeakHashMap.eq(Ljava/lang/Object;Ljava/lang/Object;)Z @ 7
Event: 11.088 Thread 0x0000000002b68800 Uncommon trap: reason=bimorphic action=maybe_recompile pc=0x0000000003371310 method=com.sun.beans.TypeResolver.resolve(Ljava/lang/reflect/Type;Ljava/lang/reflect/Type;)Ljava/lang/reflect/Type; @ 225
Event: 11.120 Thread 0x0000000002b68800 Uncommon trap: reason=unstable_if action=reinterpret pc=0x00000000036d9bb4 method=org.springframework.util.ConcurrentReferenceHashMap$Segment.findInChain(Lorg/springframework/util/ConcurrentReferenceHashMap$Reference;Ljava/lang/Object;I)Lorg/springframewor
Event: 11.134 Thread 0x0000000002b68800 Uncommon trap: reason=unstable_if action=reinterpret pc=0x0000000003191898 method=org.springframework.util.ConcurrentReferenceHashMap$Segment.restructureIfNecessary(Z)V @ 33
Event: 11.186 Thread 0x0000000002b68800 Uncommon trap: reason=class_check action=maybe_recompile pc=0x00000000030fbd2c method=org.springframework.util.ConcurrentReferenceHashMap$Segment.findInChain(Lorg/springframework/util/ConcurrentReferenceHashMap$Reference;Ljava/lang/Object;I)Lorg/springframNROÕóà#@

Internal exceptions (10 events):
Event: 11.121 Thread 0x0000000002b68800 Exception <a 'java/lang/ClassNotFoundException': java/lang/ObjectCustomizer> (0x000000077341a7d0) thrown at [C:\re\workspace\8-2-build-windows-amd64-cygwin\jdk8u101\7261\hotspot\src\share\vm\classfile\systemDictionary.cpp, line 210]
Event: 11.123 Thread 0x0000000002b68800 Exception <a 'java/lang/ClassNotFoundException': org/springframework/data/elasticsearch/core/ElasticsearchTemplateCustomizer> (0x000000077345f0e8) thrown at [C:\re\workspace\8-2-build-windows-amd64-cygwin\jdk8u101\7261\hotspot\src\share\vm\classfile\system
Event: 11.126 Thread 0x0000000002b68800 Exception <a 'java/lang/ClassNotFoundException': org/springframework/data/elasticsearch/core/ElasticsearchOperationsCustomizer> (0x000000077353b438) thrown at [C:\re\workspace\8-2-build-windows-amd64-cygwin\jdk8u101\7261\hotspot\src\share\vm\classfile\systusñ·=A&@
Event: 11.127 Thread 0x0000000002b68800 Exception <a 'java/lang/ClassNotFoundException': org/springframework/context/ApplicationContextAwareCustomizer> (0x00000007735e37f8) thrown at [C:\re\workspace\8-2-build-windows-amd64-cygwin\jdk8u101\7261\hotspot\src\share\vm\classfile\systemDictionary.cppF§ø	±L&@
Event: 11.150 Thread 0x0000000002b68800 Exception <a 'java/lang/ClassNotFoundException': java/lang/ObjectCustomizer> (0x000000077374e1e8) thrown at [C:\re\workspace\8-2-build-windows-amd64-cygwin\jdk8u101\7261\hotspot\src\share\vm\classfile\systemDictionary.cpp, line 210]
Event: 11.151 Thread 0x0000000002b68800 Exception <a 'java/lang/ClassNotFoundException': com/leyou/search/pojo/GoodsCustomizer> (0x0000000773779ed8) thrown at [C:\re\workspace\8-2-build-windows-amd64-cygwin\jdk8u101\7261\hotspot\src\share\vm\classfile\systemDictionary.cpp, line 210]
Event: 11.175 Thread 0x0000000002b68800 Exception <a 'java/lang/NoSuchMethodError': java.lang.Object.lambda$toStream$0(Ljava/util/Optional;)Ljava/util/stream/Stream;> (0x00000007738b4388) thrown at [C:\re\workspace\8-2-build-windows-amd64-cygwin\jdk8u101\7261\hotspot\src\share\vm\interpreter\linhžÆZ&@
Event: 11.176 Thread 0x0000000002b68800 Exception <a 'java/lang/NoSuchMethodError': java.lang.Object.of(Ljava/lang/Object;)Ljava/util/stream/Stream;> (0x00000007738bbc80) thrown at [C:\re\workspace\8-2-build-windows-amd64-cygwin\jdk8u101\7261\hotspot\src\share\vm\interpreter\linkResolver.cpp, li¦Nö…FZ&@
Event: 11.176 Thread 0x0000000002b68800 Exception <a 'java/lang/NoSuchMethodError': java.lang.Object.empty()Ljava/util/stream/Stream;> (0x00000007738bef60) thrown at [C:\re\workspace\8-2-build-windows-amd64-cygwin\jdk8u101\7261\hotspot\src\share\vm\interpreter\linkResolver.cpp, line 582]
Event: 11.181 Thread 0x0000000002b68800 Exception <a 'java/lang/NoSuchMethodError': java.lang.Object.fromNullable(Ljava/lang/Object;)Ljava/util/stream/Stream;> (0x00000007738f47b0) thrown at [C:\re\workspace\8-2-build-windows-amd64-cygwin\jdk8u101\7261\hotspot\src\share\vm\interpreter\linkResolv$(ß">&@

Events (10 events):
Event: 11.186 loading class org/springframework/data/mapping/context/AbstractMappingContext done
Event: 11.186 Thread 0x0000000002b68800 Uncommon trap: trap_request=0xffffffde fr.pc=0x00000000030fbd2c
Event: 11.186 Thread 0x0000000002b68800 DEOPT PACKING pc=0x00000000030fbd2c sp=0x0000000002a994c0
Event: 11.186 Thread 0x0000000002b68800 DEOPT UNPACKING pc=0x0000000002da582a sp=0x0000000002a99418 mode 2
Event: 11.187 loading class org/springframework/data/elasticsearch/annotations/Field
Event: 11.187 loading class org/springframework/data/elasticsearch/annotations/Field done
Event: 11.188 loading class org/springframework/data/elasticsearch/annotations/FieldType
Event: 11.188 loading class org/springframework/data/elasticsearch/annotations/FieldType done
Event: 11.188 loading class org/springframework/data/elasticsearch/annotations/DateFormat
Event: 11.188 loading class org/springframework/data/elasticsearch/annotations/DateFormat done


Dynamic libraries:
0x00007ff647f30000 - 0x00007ff647f67000 	C:\Program Files\Java\jdk1.8.0_101\bin\java.exe
0x00007ffda1b40000 - 0x00007ffda1d2d000 	C:\Windows\SYSTEM32\ntdll.dll
0x00007ffda18b0000 - 0x00007ffda1963000 	C:\Windows\System32\KERNEL32.DLL
0x00007ffd9e890000 - 0x00007ffd9eb25000 	C:\Windows\System32\KERNELBASE.dll
0x00007ffd9fab0000 - 0x00007ffd9fb53000 	C:\Windows\System32\ADVAPI32.dll
0x00007ffda1a70000 - 0x00007ffda1b0e000 	C:\Windows\System32\msvcrt.dll
0x00007ffd9fb60000 - 0x00007ffd9fbfe000 	C:\Windows\System32\sechost.dll
0x00007ffd9f7e0000 - 0x00007ffd9f902000 	C:\Windows\System32\RPCRT4.dll
0x00007ffd9f910000 - 0x00007ffd9faa7000 	C:\Windows\System32\USER32.dll
0x00007ffd9e760000 - 0x00007ffd9e780000 	C:\Windows\System32\win32u.dll
0x00007ffda19d0000 - 0x00007ffda19f9000 	C:\Windows\System32\GDI32.dll
0x00007ffd9dc30000 - 0x00007ffd9ddca000 	C:\Windows\System32\gdi32full.dll
0x00007ffd9e780000 - 0x00007ffd9e820000 	C:\Windows\System32\msvcp_win.dll
0x00007ffd9eb30000 - 0x00007ffd9ec2a000 	C:\Windows\System32\ucrtbase.dll
0x00007ffd8d880000 - 0x00007ffd8daf9000 	C:\Windows\WinSxS\amd64_microsoft.windows.common-controls_6595b64144ccf1df_6.0.17763.1282_none_de75b6f253473c0f\COMCTL32.dll
0x00007ffd9efa0000 - 0x00007ffd9f2cc000 	C:\Windows\System32\combase.dll
0x00007ffd9ece0000 - 0x00007ffd9ed5e000 	C:\Windows\System32\bcryptPrimitives.dll
0x00007ffd9fea0000 - 0x00007ffd9fece000 	C:\Windows\System32\IMM32.DLL
0x000000006cb50000 - 0x000000006cc22000 	C:\Program Files\Java\jdk1.8.0_101\jre\bin\msvcr100.dll
0x0000000069f30000 - 0x000000006a7ca000 	C:\Program Files\Java\jdk1.8.0_101\jre\bin\server\jvm.dll
0x00007ffd9f4c0000 - 0x00007ffd9f4c8000 	C:\Windows\System32\PSAPI.DLL
0x00007ffd92630000 - 0x00007ffd9263a000 	C:\Windows\SYSTEM32\VERSION.dll
0x00007ffd930e0000 - 0x00007ffd93104000 	C:\Windows\SYSTEM32\WINMM.dll
0x00007ffd9a610000 - 0x00007ffd9a619000 	C:\Windows\SYSTEM32\WSOCK32.dll
0x00007ffda1a00000 - 0x00007ffda1a6d000 	C:\Windows\System32\WS2_32.dll
0x00007ffd92f00000 - 0x00007ffd92f2d000 	C:\Windows\SYSTEM32\winmmbase.dll
0x00007ffd9e820000 - 0x00007ffd9e86a000 	C:\Windows\System32\cfgmgr32.dll
0x000000006cb40000 - 0x000000006cb4f000 	C:\Program Files\Java\jdk1.8.0_101\jre\bin\verify.dll
0x000000006cb10000 - 0x000000006cb39000 	C:\Program Files\Java\jdk1.8.0_101\jre\bin\java.dll
0x000000006c780000 - 0x000000006c7b5000 	C:\Program Files\Java\jdk1.8.0_101\jre\bin\jdwp.dll
0x000000006c770000 - 0x000000006c778000 	C:\Program Files\Java\jdk1.8.0_101\jre\bin\npt.dll
0x000000006ca30000 - 0x000000006ca53000 	C:\Program Files\Java\jdk1.8.0_101\jre\bin\instrument.dll
0x000000006caf0000 - 0x000000006cb06000 	C:\Program Files\Java\jdk1.8.0_101\jre\bin\zip.dll
0x00007ffd9fed0000 - 0x00007ffda13c8000 	C:\Windows\System32\SHELL32.dll
0x00007ffd9fc00000 - 0x00007ffd9fca8000 	C:\Windows\System32\shcore.dll
0x00007ffd9e010000 - 0x00007ffd9e75f000 	C:\Windows\System32\windows.storage.dll
0x00007ffd9db50000 - 0x00007ffd9db74000 	C:\Windows\System32\profapi.dll
0x00007ffd9dba0000 - 0x00007ffd9dbfd000 	C:\Windows\System32\powrprof.dll
0x00007ffda1970000 - 0x00007ffda19c2000 	C:\Windows\System32\shlwapi.dll
0x00007ffd9db80000 - 0x00007ffd9db91000 	C:\Windows\System32\kernel.appcore.dll
0x00007ffd9e870000 - 0x00007ffd9e887000 	C:\Windows\System32\cryptsp.dll
0x000000006c760000 - 0x000000006c769000 	C:\Program Files\Java\jdk1.8.0_101\jre\bin\dt_socket.dll
0x00007ffd9d330000 - 0x00007ffd9d397000 	C:\Windows\system32\mswsock.dll
0x000000006cad0000 - 0x000000006caea000 	C:\Program Files\Java\jdk1.8.0_101\jre\bin\net.dll
0x000000006cab0000 - 0x000000006cac1000 	C:\Program Files\Java\jdk1.8.0_101\jre\bin\nio.dll
0x00007ffd9d050000 - 0x00007ffd9d08d000 	C:\Windows\SYSTEM32\IPHLPAPI.DLL
0x00007ffd9fd30000 - 0x00007ffd9fd38000 	C:\Windows\System32\NSI.dll
0x00007ffd971e0000 - 0x00007ffd971f6000 	C:\Windows\SYSTEM32\dhcpcsvc6.DLL
0x00007ffd97070000 - 0x00007ffd9708c000 	C:\Windows\SYSTEM32\dhcpcsvc.DLL
0x00007ffd9d090000 - 0x00007ffd9d157000 	C:\Windows\SYSTEM32\DNSAPI.dll
0x000000006ca60000 - 0x000000006ca6d000 	C:\Program Files\Java\jdk1.8.0_101\jre\bin\management.dll
0x00007ffd85200000 - 0x00007ffd85216000 	C:\Windows\system32\napinsp.dll
0x00007ffd851e0000 - 0x00007ffd851fa000 	C:\Windows\system32\pnrpnsp.dll
0x00007ffd885b0000 - 0x00007ffd885be000 	C:\Windows\System32\winrnr.dll
0x00007ffd97500000 - 0x00007ffd9751b000 	C:\Windows\system32\NLAapi.dll
0x00007ffd988e0000 - 0x00007ffd988f5000 	C:\Windows\system32\wshbth.dll
0x00007ffd963b0000 - 0x00007ffd963ba000 	C:\Windows\System32\rasadhlp.dll
0x00007ffd966b0000 - 0x00007ffd96729000 	C:\Windows\System32\fwpuclnt.dll
0x00007ffd9dc00000 - 0x00007ffd9dc26000 	C:\Windows\System32\bcrypt.dll
0x00007ffd9ceb0000 - 0x00007ffd9cee3000 	C:\Windows\system32\rsaenh.dll
0x00007ffd9da60000 - 0x00007ffd9da88000 	C:\Windows\SYSTEM32\USERENV.dll
0x00007ffd9d500000 - 0x00007ffd9d50c000 	C:\Windows\SYSTEM32\CRYPTBASE.dll

VM Arguments:
jvm_args: -agentlib:jdwp=transport=dt_socket,address=127.0.0.1:10594,suspend=y,server=n -ea -Didea.test.cyclic.buffer.size=1048576 -javaagent:C:\Users\1428388436\.IntelliJIdea2019.3\system\captureAgent\debugger-agent.jar -Dfile.encoding=UTF-8 
java_command: com.intellij.rt.junit.JUnitStarter -ideVersion5 -junit4 @w@C:\Users\1428388436\AppData\Local\Temp\idea_working_dirs_junit.tmp @C:\Users\1428388436\AppData\Local\Temp\idea_junit.tmp
java_class_path (initial): C:\Program Files\JetBrains\IntelliJ IDEA 2019.3.3\lib\idea_rt.jar;C:\Program Files\JetBrains\IntelliJ IDEA 2019.3.3\plugins\junit\lib\junit5-rt.jar;C:\Program Files\JetBrains\IntelliJ IDEA 2019.3.3\plugins\junit\lib\junit-rt.jar;C:\Program Files\Java\jdk1.8.0_101\jre\lib\charsets.jar;C:\Program Files\Java\jdk1.8.0_101\jre\lib\deploy.jar;C:\Program Files\Java\jdk1.8.0_101\jre\lib\ext\access-bridge-64.jar;C:\Program Files\Java\jdk1.8.0_101\jre\lib\ext\cldrdata.jar;C:\Program Files\Java\jdk1.8.0_101\jre\lib\ext\dnsns.jar;C:\Program Files\Java\jdk1.8.0_101\jre\lib\ext\jaccess.jar;C:\Program Files\Java\jdk1.8.0_101\jre\lib\ext\jfxrt.jar;C:\Program Files\Java\jdk1.8.0_101\jre\lib\ext\localedata.jar;C:\Program Files\Java\jdk1.8.0_101\jre\lib\ext\nashorn.jar;C:\Program Files\Java\jdk1.8.0_101\jre\lib\ext\sunec.jar;C:\Program Files\Java\jdk1.8.0_101\jre\lib\ext\sunjce_provider.jar;C:\Program Files\Java\jdk1.8.0_101\jre\lib\ext\sunmscapi.jar;C:\Program Files\Java\jdk1.8.0_101\jre\lib\ext\sunpkcs11.jar;C:\Program Files\Java\jdk1.8.0_101\jre\lib\ext\zipfs.jar;C:\Program Files\Java\jdk1.8.0_101\jre\lib\javaws.jar;C:\Program Files\Java\jdk1.8.0_101\jre\lib\jce.jar;C:\Program Files\Java\jdk1.8.0_101\jre\lib\jfr.jar;C:\Program Files\Java\jdk1.8.0_101\jre\lib\jfxswt.jar;C:\Program Files\Java\jdk1.8.0_101\jre\lib\jsse.jar;C:\Program Files\Java\jdk1.8.0_101\jre\lib\management-agent.jar;C:\Program Files\Java\jdk1.8.0_101\jre\lib\plugin.jar;C:\Program Files\Java\jdk1.8.0_101\jre\lib\resources.jar;C:\Program Files\Java\jdk1.8.0_101\jre\lib\rt.jar;D:\ideaSpace\leyou\leyou-search\target\test-classes;D:\ideaSpace\leyou\leyou-search\target\classes;D:\Tools\apache-maven-3.5.2\repo\org\springframework\boot\spring-boot-starter-web\2.0.7.RELEASE\spring-boot-starter-web-2.0.7.RELEASE.jar;D:\Tools\apache-maven-3.5.2\repo\org\springframework\boot\spring-boot-starter\2.0.7.RELEASE\spring-boot-starter-2.0.7.RELEASE.jar;D:\Tools\apache-maven-3.5.2\repo\org\springframework\
Launcher Type: SUN_STANDARD

Environment Variables:
JAVA_HOME=C:\Program Files\Java\jdk1.8.0_101
CLASSPATH=.;D:\BaiduNetdiskDownload\resources\resources\MySql Connector Java 5.1.23\mysql-connector-java-5.1.23-bin.jar
PATH=C:\ProgramData\Oracle\Java\javapath;C:\Windows\system32;C:\Windows;C:\Windows\System32\Wbem;C:\Windows\System32\WindowsPowerShell\v1.0\;C:\Windows\System32\OpenSSH\;C:\Program Files\Java\jdk1.8.0_101\bin;%JRE_HOME%\bin;C:\Program Files (x86)\MySQL\MySQL Server 5.5\bin;D:\Tools\apache-maven-3.5.2\bin;C:\Program Files\TortoiseSVN\bin;D:\Tools\;D:\Program Files\MySQL\MySQL Server 5.6\bin;C:\Users\1428388436\AppData\Local\Microsoft\WindowsApps;C:\Users\1428388436\AppData\Roaming\npm
USERNAME=NotToday
OS=Windows_NT
PROCESSOR_IDENTIFIER=AMD64 Family 23 Model 24 Stepping 1, AuthenticAMD



---------------  S Y S T E M  ---------------

OS: Windows 10.0 , 64 bit Build 17763 (10.0.17763.1158)

CPU:total 8 (8 cores per cpu, 1 threads per core) family 23 model 24 stepping 1, cmov, cx8, fxsr, mmx, sse, sse2, sse3, ssse3, sse4.1, sse4.2, popcnt, avx, avx2, aes, clmul, mmxext, 3dnowpref, lzcnt, sse4a, tsc, tscinvbit, tscinv, bmi1

Memory: 4k page, physical 15665804k(2912104k free), swap 26151560k(4272k free)

vm_info: Java HotSpot(TM) 64-Bit Server VM (25.101-b13) for windows-amd64 JRE (1.8.0_101-b13), built on Jun 22 2016 01:21:29 by "java_re" with MS VC++ 10.0 (VS2010)

time: Thu Jun 25 23:23:31 2020
elapsed time: 11 seconds (0d 0h 0m 11s)

